Traceback (most recent call last):
  File "/Users/jvch/Desktop/AutomatoWebs/BTT/backend/app/routers/market.py", line 260, in screen_market
    return JSONResponse(content=json_compatible)
  File "/Users/jvch/Desktop/AutomatoWebs/BTT/backend/.venv_313/lib/python3.13/site-packages/starlette/responses.py", line 178, in __init__
    super().__init__(content, status_code, headers, media_type, background)
    ~~~~~~~~~~~~~~~~^^^^^^^^^^^^^^^^^^^^^^^^^^^^^^^^^^^^^^^^^^^^^^^^^^^^^^^
  File "/Users/jvch/Desktop/AutomatoWebs/BTT/backend/.venv_313/lib/python3.13/site-packages/starlette/responses.py", line 41, in __init__
    self.body = self.render(content)
                ~~~~~~~~~~~^^^^^^^^^
  File "/Users/jvch/Desktop/AutomatoWebs/BTT/backend/.venv_313/lib/python3.13/site-packages/starlette/responses.py", line 181, in render
    return json.dumps(
           ~~~~~~~~~~^
        content,
        ^^^^^^^^
    ...<3 lines>...
        separators=(",", ":"),
        ^^^^^^^^^^^^^^^^^^^^^^
    ).encode("utf-8")
    ^
  File "/Library/Frameworks/Python.framework/Versions/3.13/lib/python3.13/json/__init__.py", line 238, in dumps
    **kw).encode(obj)
          ~~~~~~^^^^^
  File "/Library/Frameworks/Python.framework/Versions/3.13/lib/python3.13/json/encoder.py", line 200, in encode
    chunks = self.iterencode(o, _one_shot=True)
  File "/Library/Frameworks/Python.framework/Versions/3.13/lib/python3.13/json/encoder.py", line 261, in iterencode
    return _iterencode(o, 0)
ValueError: Out of range float values are not JSON compliant: nan

During handling of the above exception, another exception occurred:

Traceback (most recent call last):
  File "/Users/jvch/Desktop/AutomatoWebs/BTT/backend/app/routers/market.py", line 263, in screen_market
    raise HTTPException(500, detail=f"Serialization Failed: {se}")
fastapi.exceptions.HTTPException: 500: Serialization Failed: Out of range float values are not JSON compliant: nan
